<?xml version="1.0" encoding="UTF-8"?>
<!-- Generated by org.testng.reporters.JUnitReportReporter -->
<testsuite hostname="LAPTOP-2O0EF0F7" failures="0" tests="9" name="SwagLabsTestcases.SwagLabsProductTestcases" time="7.727" errors="0" timestamp="2023-09-13T16:34:30 IST" skipped="0">
  <testcase classname="SwagLabsTestcases.SwagLabsProductTestcases" name="title" time="0.098"/>
  <testcase classname="SwagLabsTestcases.SwagLabsProductTestcases" name="UsernameSwaglabs" time="0.251"/>
  <testcase classname="SwagLabsTestcases.SwagLabsProductTestcases" name="PasswordSwaglabs" time="0.134"/>
  <testcase classname="SwagLabsTestcases.SwagLabsProductTestcases" name="DisplayImage" time="0.077"/>
  <testcase classname="SwagLabsTestcases.SwagLabsProductTestcases" name="ClickOnLoginButton" time="2.925"/>
  <testcase classname="SwagLabsTestcases.SwagLabsProductTestcases" name="ClickOnSauceLabsBackPack" time="3.628"/>
  <testcase classname="SwagLabsTestcases.SwagLabsProductTestcases" name="AddToCart" time="0.162"/>
  <testcase classname="SwagLabsTestcases.SwagLabsProductTestcases" name="CheckCart" time="0.362"/>
  <testcase classname="SwagLabsTestcases.SwagLabsProductTestcases" name="ClickOnRemoveButton" time="0.090"/>
</testsuite> <!-- SwagLabsTestcases.SwagLabsProductTestcases -->
