<?xml version="1.0" encoding="UTF-8"?>
<!-- Generated by org.testng.reporters.JUnitReportReporter -->
<testsuite hostname="LAPTOP-2O0EF0F7" failures="0" tests="13" name="SwagLabsTestcases.SwagLabsProductTestcases" time="13.214" errors="0" timestamp="2023-09-15T16:28:32 IST" skipped="0">
  <testcase classname="SwagLabsTestcases.SwagLabsProductTestcases" name="title" time="0.074"/>
  <testcase classname="SwagLabsTestcases.SwagLabsProductTestcases" name="UsernameSwaglabs" time="0.587"/>
  <testcase classname="SwagLabsTestcases.SwagLabsProductTestcases" name="PasswordSwaglabs" time="0.181"/>
  <testcase classname="SwagLabsTestcases.SwagLabsProductTestcases" name="DisplayImage" time="0.112"/>
  <testcase classname="SwagLabsTestcases.SwagLabsProductTestcases" name="ClickOnLoginButton" time="3.300"/>
  <testcase classname="SwagLabsTestcases.SwagLabsProductTestcases" name="ClickOnSauceLabsBackPack" time="3.580"/>
  <testcase classname="SwagLabsTestcases.SwagLabsProductTestcases" name="AddToCart" time="0.123"/>
  <testcase classname="SwagLabsTestcases.SwagLabsProductTestcases" name="CheckCart" time="0.604"/>
  <testcase classname="SwagLabsTestcases.SwagLabsProductTestcases" name="ClickOnRemoveButton" time="2.116"/>
  <testcase classname="SwagLabsTestcases.SwagLabsProductTestcases" name="ClickOnContinueShoppingButton" time="1.024"/>
  <testcase classname="SwagLabsTestcases.SwagLabsProductTestcases" name="CounTheProducts" time="0.438"/>
  <testcase classname="SwagLabsTestcases.SwagLabsProductTestcases" name="ClickOnMenuBar" time="0.259"/>
  <testcase classname="SwagLabsTestcases.SwagLabsProductTestcases" name="ClickOnLogOut" time="0.816"/>
</testsuite> <!-- SwagLabsTestcases.SwagLabsProductTestcases -->
