<?xml version="1.0" encoding="UTF-8"?>
<!-- Generated by org.testng.reporters.JUnitReportReporter -->
<testsuite hostname="LAPTOP-2O0EF0F7" failures="0" tests="1" name="Driver.ChromeBrowser" time="0.037" errors="0" timestamp="2023-09-13T14:33:41 IST" skipped="0">
  <testcase classname="Driver.ChromeBrowser" name="title" time="0.037"/>
</testsuite> <!-- Driver.ChromeBrowser -->
