<?xml version="1.0" encoding="UTF-8"?>
<!-- Generated by org.testng.reporters.JUnitReportReporter -->
<testsuite hostname="LAPTOP-2O0EF0F7" failures="0" tests="5" name="SwagLabsTestcases.SwagLabLoginTestCases" time="3.666" errors="0" timestamp="2023-09-13T14:38:42 IST" skipped="0">
  <testcase classname="SwagLabsTestcases.SwagLabLoginTestCases" name="title" time="0.047"/>
  <testcase classname="SwagLabsTestcases.SwagLabLoginTestCases" name="UsernameSwaglabs" time="0.291"/>
  <testcase classname="SwagLabsTestcases.SwagLabLoginTestCases" name="PasswordSwaglabs" time="0.145"/>
  <testcase classname="SwagLabsTestcases.SwagLabLoginTestCases" name="DisplayImage" time="0.068"/>
  <testcase classname="SwagLabsTestcases.SwagLabLoginTestCases" name="ClickOnLoginButton" time="3.115"/>
</testsuite> <!-- SwagLabsTestcases.SwagLabLoginTestCases -->
