<?xml version="1.0" encoding="UTF-8"?>
<!-- Generated by org.testng.reporters.JUnitReportReporter -->
<testsuite hostname="LAPTOP-2O0EF0F7" failures="0" tests="3" name="SwagLabsTestcases.SwagLabLoginTestCases" time="0.509" errors="0" timestamp="2023-09-12T19:50:07 IST" skipped="0">
  <testcase classname="SwagLabsTestcases.SwagLabLoginTestCases" name="title" time="0.079"/>
  <testcase classname="SwagLabsTestcases.SwagLabLoginTestCases" name="UsernameSwaglabs" time="0.277"/>
  <testcase classname="SwagLabsTestcases.SwagLabLoginTestCases" name="PasswordSwaglabs" time="0.153"/>
</testsuite> <!-- SwagLabsTestcases.SwagLabLoginTestCases -->
